<?xml version="1.0" encoding="UTF-8"?>
<testng-results skipped="0" failed="0" ignored="0" total="1" passed="1">
  <reporter-output>
  </reporter-output>
  <suite name="Default suite" duration-ms="41055" started-at="2019-12-03T22:13:18 IST" finished-at="2019-12-03T22:13:59 IST">
    <groups>
    </groups>
    <test name="Default test" duration-ms="41055" started-at="2019-12-03T22:13:18 IST" finished-at="2019-12-03T22:13:59 IST">
      <class name="com.training.Medium.tests.TC04_AdminToAddProductTest">
        <test-method status="PASS" signature="setUpBeforeClass()[pri:0, instance:com.training.Medium.tests.TC04_AdminToAddProductTest@6737fd8f]" name="setUpBeforeClass" is-config="true" duration-ms="33" started-at="2019-12-03T22:13:18 IST" finished-at="2019-12-03T22:13:18 IST">
          <reporter-output>
          </reporter-output>
        </test-method> <!-- setUpBeforeClass -->
        <test-method status="PASS" signature="setUp()[pri:0, instance:com.training.Medium.tests.TC04_AdminToAddProductTest@6737fd8f]" name="setUp" is-config="true" duration-ms="18516" started-at="2019-12-03T22:13:18 IST" finished-at="2019-12-03T22:13:36 IST">
          <reporter-output>
          </reporter-output>
        </test-method> <!-- setUp -->
        <test-method status="PASS" signature="filterProductTest()[pri:0, instance:com.training.Medium.tests.TC04_AdminToAddProductTest@6737fd8f]" name="filterProductTest" duration-ms="22442" started-at="2019-12-03T22:13:36 IST" finished-at="2019-12-03T22:13:59 IST">
          <reporter-output>
          </reporter-output>
        </test-method> <!-- filterProductTest -->
      </class> <!-- com.training.Medium.tests.TC04_AdminToAddProductTest -->
    </test> <!-- Default test -->
  </suite> <!-- Default suite -->
</testng-results>
